{
  "stats": {
    "suites": 1,
    "tests": 1,
    "passes": 0,
    "pending": 0,
    "failures": 1,
    "start": "2024-10-27T09:27:59.557Z",
    "end": "2024-10-27T09:28:13.900Z",
    "duration": 14343,
    "testsRegistered": 1,
    "passPercent": 0,
    "pendingPercent": 0,
    "other": 0,
    "hasOther": false,
    "skipped": 0,
    "hasSkipped": false
  },
  "results": [
    {
      "uuid": "0c411eae-db31-4a6d-a892-d5f5ee6a6690",
      "title": "",
      "fullFile": "cypress\\e2e\\checkOutOneProductNotFillMandatoryData.feature",
      "file": "cypress\\e2e\\checkOutOneProductNotFillMandatoryData.feature",
      "beforeHooks": [],
      "afterHooks": [],
      "tests": [],
      "suites": [
        {
          "uuid": "b099c0e1-c161-4aea-85b2-7f020b280176",
          "title": "Check Out Product on Sauce Demo",
          "fullFile": "",
          "file": "",
          "beforeHooks": [],
          "afterHooks": [],
          "tests": [
            {
              "title": "Check out 1 product from https://www.saucedemo.com/, but not fill madantory data on Information Page",
              "fullTitle": "Check Out Product on Sauce Demo Check out 1 product from https://www.saucedemo.com/, but not fill madantory data on Information Page",
              "timedOut": null,
              "duration": 12601,
              "state": "failed",
              "speed": null,
              "pass": false,
              "fail": true,
              "pending": false,
              "context": null,
              "code": "const state = window.testState;\nreturn cy\n  .then(() => state.onStartScenario(scenario, indexedSteps))\n  .then(() =>\n    resolveAndRunBeforeHooks.call(this, scenario.tags, state.feature.name)\n  )\n  .then(() =>\n    indexedSteps.forEach((step) =>\n      stepTest.call(this, state, step, rowData)\n    )\n  )\n  .then(() => state.onFinishScenario(scenario));",
              "err": {
                "message": "AssertionError: Timed out retrying after 10000ms: Expected to find content: 'Error: First Name, Last Name, and Password is required' within the element: <h3> but never did.",
                "estack": "AssertionError: Timed out retrying after 10000ms: Expected to find content: 'Error: First Name, Last Name, and Password is required' within the element: <h3> but never did.\n    at Context.eval (cypress/e2e/checkOutOneProductNotFillMandatoryData/checkOutOneProductNotFillMandatoryDataStepDefinition.js:68:55)\n    at Context.resolveAndRunStepDefinition (node_modules/cypress-cucumber-preprocessor/lib/resolveStepDefinition.js:193:0)\n    at Context.eval (node_modules/cypress-cucumber-preprocessor/lib/createTestFromScenario.js:27:0)",
                "diff": null
              },
              "uuid": "529b207a-93d9-49dc-935b-61daf6931519",
              "parentUUID": "b099c0e1-c161-4aea-85b2-7f020b280176",
              "isHook": false,
              "skipped": false
            }
          ],
          "suites": [],
          "passes": [],
          "failures": [
            "529b207a-93d9-49dc-935b-61daf6931519"
          ],
          "pending": [],
          "skipped": [],
          "duration": 12601,
          "root": false,
          "rootEmpty": false,
          "_timeout": 2000
        }
      ],
      "passes": [],
      "failures": [],
      "pending": [],
      "skipped": [],
      "duration": 0,
      "root": true,
      "rootEmpty": true,
      "_timeout": 2000
    }
  ],
  "meta": {
    "mocha": {
      "version": "7.0.1"
    },
    "mochawesome": {
      "options": {
        "quiet": false,
        "reportFilename": "mochawesome",
        "saveHtml": true,
        "saveJson": true,
        "consoleReporter": "spec",
        "useInlineDiffs": false,
        "code": true
      },
      "version": "7.1.3"
    },
    "marge": {
      "options": null,
      "version": "6.2.0"
    }
  }
}