{
  "stats": {
    "suites": 1,
    "tests": 1,
    "passes": 1,
    "pending": 0,
    "failures": 0,
    "start": "2024-10-27T13:47:48.888Z",
    "end": "2024-10-27T13:47:53.531Z",
    "duration": 4643,
    "testsRegistered": 1,
    "passPercent": 100,
    "pendingPercent": 0,
    "other": 0,
    "hasOther": false,
    "skipped": 0,
    "hasSkipped": false
  },
  "results": [
    {
      "uuid": "11cbd026-20f2-42f2-be6e-ae8f277a7ceb",
      "title": "",
      "fullFile": "cypress\\e2e\\checkOutOneProductOnlyFillFirstNameZipCode.feature",
      "file": "cypress\\e2e\\checkOutOneProductOnlyFillFirstNameZipCode.feature",
      "beforeHooks": [],
      "afterHooks": [],
      "tests": [],
      "suites": [
        {
          "uuid": "0d307eb9-cf32-4b10-b62c-327de519f470",
          "title": "Check Out Product on Sauce Demo",
          "fullFile": "",
          "file": "",
          "beforeHooks": [],
          "afterHooks": [],
          "tests": [
            {
              "title": "Check out 1 product from https://www.saucedemo.com/, with only fill First Name and Zip Code on Information Page",
              "fullTitle": "Check Out Product on Sauce Demo Check out 1 product from https://www.saucedemo.com/, with only fill First Name and Zip Code on Information Page",
              "timedOut": null,
              "duration": 2905,
              "state": "passed",
              "speed": "fast",
              "pass": true,
              "fail": false,
              "pending": false,
              "context": null,
              "code": "const state = window.testState;\nreturn cy\n  .then(() => state.onStartScenario(scenario, indexedSteps))\n  .then(() =>\n    resolveAndRunBeforeHooks.call(this, scenario.tags, state.feature.name)\n  )\n  .then(() =>\n    indexedSteps.forEach((step) =>\n      stepTest.call(this, state, step, rowData)\n    )\n  )\n  .then(() => state.onFinishScenario(scenario));",
              "err": {},
              "uuid": "d67a583d-99a0-4fe2-af26-4d46bf41d9ae",
              "parentUUID": "0d307eb9-cf32-4b10-b62c-327de519f470",
              "isHook": false,
              "skipped": false
            }
          ],
          "suites": [],
          "passes": [
            "d67a583d-99a0-4fe2-af26-4d46bf41d9ae"
          ],
          "failures": [],
          "pending": [],
          "skipped": [],
          "duration": 2905,
          "root": false,
          "rootEmpty": false,
          "_timeout": 2000
        }
      ],
      "passes": [],
      "failures": [],
      "pending": [],
      "skipped": [],
      "duration": 0,
      "root": true,
      "rootEmpty": true,
      "_timeout": 2000
    }
  ],
  "meta": {
    "mocha": {
      "version": "7.0.1"
    },
    "mochawesome": {
      "options": {
        "quiet": false,
        "reportFilename": "mochawesome",
        "saveHtml": true,
        "saveJson": true,
        "consoleReporter": "spec",
        "useInlineDiffs": false,
        "code": true
      },
      "version": "7.1.3"
    },
    "marge": {
      "options": null,
      "version": "6.2.0"
    }
  }
}